<?xml version="1.0" encoding="UTF-8"?>
<coverage generated="1711561854281" clover="3.2.0">
  <project timestamp="1711561854281" name="All files">
    <metrics statements="20" coveredstatements="18" conditionals="14" coveredconditionals="10" methods="3" coveredmethods="3" elements="37" coveredelements="31" complexity="0" loc="20" ncloc="20" packages="1" files="1" classes="1"/>
    <file name="functions.js" path="/home/persephone/TOP-projects/top-testing-practice/functions.js">
      <metrics statements="20" coveredstatements="18" conditionals="14" coveredconditionals="10" methods="3" coveredmethods="3"/>
      <line num="9" count="1" type="stmt"/>
      <line num="10" count="1" type="stmt"/>
      <line num="11" count="1" type="stmt"/>
      <line num="16" count="1" type="stmt"/>
      <line num="17" count="1" type="stmt"/>
      <line num="18" count="5" type="stmt"/>
      <line num="20" count="1" type="stmt"/>
      <line num="25" count="1" type="cond" truecount="3" falsecount="1"/>
      <line num="26" count="0" type="stmt"/>
      <line num="28" count="1" type="stmt"/>
      <line num="29" count="1" type="stmt"/>
      <line num="30" count="5" type="stmt"/>
      <line num="32" count="5" type="cond" truecount="1" falsecount="1"/>
      <line num="33" count="5" type="stmt"/>
      <line num="36" count="5" type="cond" truecount="3" falsecount="1"/>
      <line num="37" count="0" type="stmt"/>
      <line num="41" count="5" type="cond" truecount="3" falsecount="1"/>
      <line num="42" count="5" type="stmt"/>
      <line num="45" count="5" type="stmt"/>
      <line num="47" count="1" type="stmt"/>
    </file>
  </project>
</coverage>
