{"/home/persephone/TOP-projects/top-testing-practice/functions.js": {"path":"/home/persephone/TOP-projects/top-testing-practice/functions.js","statementMap":{"0":{"start":{"line":9,"column":14},"end":{"line":9,"column":34}},"1":{"start":{"line":10,"column":13},"end":{"line":10,"column":36}},"2":{"start":{"line":11,"column":4},"end":{"line":11,"column":22}}},"fnMap":{"0":{"name":"capitalize","decl":{"start":{"line":8,"column":9},"end":{"line":8,"column":19}},"loc":{"start":{"line":8,"column":24},"end":{"line":12,"column":1}},"line":8}},"branchMap":{},"s":{"0":1,"1":1,"2":1},"f":{"0":1},"b":{},"_coverageSchema":"1a1c01bbd47fc00a2c39e90264f33305004495a9","hash":"3aaa41c7bbeb75cd538b14fa2304d9be04a5c7ec"}
}
