{"/home/persephone/TOP-projects/top-testing-practice/functions.js": {"path":"/home/persephone/TOP-projects/top-testing-practice/functions.js","statementMap":{"0":{"start":{"line":9,"column":14},"end":{"line":9,"column":34}},"1":{"start":{"line":10,"column":13},"end":{"line":10,"column":36}},"2":{"start":{"line":11,"column":4},"end":{"line":11,"column":22}},"3":{"start":{"line":16,"column":15},"end":{"line":16,"column":17}},"4":{"start":{"line":17,"column":4},"end":{"line":19,"column":5}},"5":{"start":{"line":17,"column":14},"end":{"line":17,"column":26}},"6":{"start":{"line":18,"column":8},"end":{"line":18,"column":23}},"7":{"start":{"line":20,"column":4},"end":{"line":20,"column":18}},"8":{"start":{"line":25,"column":4},"end":{"line":27,"column":5}},"9":{"start":{"line":26,"column":8},"end":{"line":26,"column":19}},"10":{"start":{"line":28,"column":18},"end":{"line":28,"column":20}},"11":{"start":{"line":29,"column":4},"end":{"line":46,"column":5}},"12":{"start":{"line":29,"column":14},"end":{"line":29,"column":15}},"13":{"start":{"line":30,"column":20},"end":{"line":30,"column":26}},"14":{"start":{"line":32,"column":8},"end":{"line":44,"column":9}},"15":{"start":{"line":33,"column":25},"end":{"line":33,"column":42}},"16":{"start":{"line":36,"column":12},"end":{"line":38,"column":13}},"17":{"start":{"line":37,"column":16},"end":{"line":37,"column":73}},"18":{"start":{"line":41,"column":12},"end":{"line":43,"column":13}},"19":{"start":{"line":42,"column":16},"end":{"line":42,"column":73}},"20":{"start":{"line":45,"column":8},"end":{"line":45,"column":27}},"21":{"start":{"line":47,"column":4},"end":{"line":47,"column":21}}},"fnMap":{"0":{"name":"capitalize","decl":{"start":{"line":8,"column":9},"end":{"line":8,"column":19}},"loc":{"start":{"line":8,"column":24},"end":{"line":12,"column":1}},"line":8},"1":{"name":"reverseString","decl":{"start":{"line":15,"column":9},"end":{"line":15,"column":22}},"loc":{"start":{"line":15,"column":27},"end":{"line":21,"column":1}},"line":15},"2":{"name":"caesarCipher","decl":{"start":{"line":24,"column":9},"end":{"line":24,"column":21}},"loc":{"start":{"line":24,"column":32},"end":{"line":48,"column":1}},"line":24}},"branchMap":{"0":{"loc":{"start":{"line":25,"column":4},"end":{"line":27,"column":5}},"type":"if","locations":[{"start":{"line":25,"column":4},"end":{"line":27,"column":5}},{"start":{},"end":{}}],"line":25},"1":{"loc":{"start":{"line":25,"column":7},"end":{"line":25,"column":26}},"type":"binary-expr","locations":[{"start":{"line":25,"column":7},"end":{"line":25,"column":15}},{"start":{"line":25,"column":17},"end":{"line":25,"column":26}}],"line":25},"2":{"loc":{"start":{"line":32,"column":8},"end":{"line":44,"column":9}},"type":"if","locations":[{"start":{"line":32,"column":8},"end":{"line":44,"column":9}},{"start":{},"end":{}}],"line":32},"3":{"loc":{"start":{"line":36,"column":12},"end":{"line":38,"column":13}},"type":"if","locations":[{"start":{"line":36,"column":12},"end":{"line":38,"column":13}},{"start":{},"end":{}}],"line":36},"4":{"loc":{"start":{"line":36,"column":15},"end":{"line":36,"column":43}},"type":"binary-expr","locations":[{"start":{"line":36,"column":15},"end":{"line":36,"column":27}},{"start":{"line":36,"column":31},"end":{"line":36,"column":43}}],"line":36},"5":{"loc":{"start":{"line":41,"column":12},"end":{"line":43,"column":13}},"type":"if","locations":[{"start":{"line":41,"column":12},"end":{"line":43,"column":13}},{"start":{},"end":{}}],"line":41},"6":{"loc":{"start":{"line":41,"column":15},"end":{"line":41,"column":44}},"type":"binary-expr","locations":[{"start":{"line":41,"column":15},"end":{"line":41,"column":27}},{"start":{"line":41,"column":31},"end":{"line":41,"column":44}}],"line":41}},"s":{"0":1,"1":1,"2":1,"3":1,"4":1,"5":1,"6":5,"7":1,"8":1,"9":0,"10":1,"11":1,"12":1,"13":5,"14":5,"15":5,"16":5,"17":0,"18":5,"19":5,"20":5,"21":1},"f":{"0":1,"1":1,"2":1},"b":{"0":[0,1],"1":[1,1],"2":[5,0],"3":[0,5],"4":[5,5],"5":[5,0],"6":[5,5]},"_coverageSchema":"1a1c01bbd47fc00a2c39e90264f33305004495a9","hash":"6f7d9037afcc8dda75ed1b5eb9594de25e475b50"}
}
