TN:
SF:functions.js
FN:8,capitalize
FN:15,reverseString
FN:24,(anonymous_2)
FN:26,add
FN:29,subtract
FN:32,divide
FN:35,multiply
FN:49,caesarCipher
FNF:8
FNH:8
FNDA:1,capitalize
FNDA:1,reverseString
FNDA:1,(anonymous_2)
FNDA:1,add
FNDA:1,subtract
FNDA:1,divide
FNDA:1,multiply
FNDA:1,caesarCipher
DA:9,1
DA:10,1
DA:11,1
DA:16,1
DA:17,1
DA:18,5
DA:20,1
DA:24,1
DA:27,1
DA:30,1
DA:33,1
DA:36,1
DA:39,1
DA:50,1
DA:51,0
DA:53,1
DA:54,1
DA:55,5
DA:57,5
DA:58,5
DA:61,5
DA:62,0
DA:66,5
DA:67,5
DA:70,5
DA:72,1
LF:26
LH:24
BRDA:50,0,0,0
BRDA:50,0,1,1
BRDA:50,1,0,1
BRDA:50,1,1,1
BRDA:57,2,0,5
BRDA:57,2,1,0
BRDA:61,3,0,0
BRDA:61,3,1,5
BRDA:61,4,0,5
BRDA:61,4,1,5
BRDA:66,5,0,5
BRDA:66,5,1,0
BRDA:66,6,0,5
BRDA:66,6,1,5
BRF:14
BRH:10
end_of_record
