TN:
SF:functions.js
FN:8,capitalize
FN:15,reverseString
FN:24,caesarCipher
FNF:3
FNH:3
FNDA:1,capitalize
FNDA:1,reverseString
FNDA:1,caesarCipher
DA:9,1
DA:10,1
DA:11,1
DA:16,1
DA:17,1
DA:18,5
DA:20,1
DA:25,1
DA:26,0
DA:28,1
DA:29,1
DA:30,5
DA:32,5
DA:33,5
DA:36,5
DA:37,0
DA:41,5
DA:42,5
DA:45,5
DA:47,1
LF:20
LH:18
BRDA:25,0,0,0
BRDA:25,0,1,1
BRDA:25,1,0,1
BRDA:25,1,1,1
BRDA:32,2,0,5
BRDA:32,2,1,0
BRDA:36,3,0,0
BRDA:36,3,1,5
BRDA:36,4,0,5
BRDA:36,4,1,5
BRDA:41,5,0,5
BRDA:41,5,1,0
BRDA:41,6,0,5
BRDA:41,6,1,5
BRF:14
BRH:10
end_of_record
